<?xml version="1.0" encoding="UTF-8"?>
<!-- Generated by org.testng.reporters.JUnitXMLReporter -->
<testsuite ignored="0" hostname="TYSS-Chandana-M" failures="0" tests="3" name="Test2" time="76.256" errors="0" timestamp="2024-02-12T15:58:16 IST">
  <testcase classname="testng_crossbrowser.Register" name="m2" time="26.09"/>
  <testcase classname="testng_crossbrowser.LogIn" name="m2" time="64.244"/>
  <testcase classname="testng_crossbrowser.LogOut" name="m2" time="76.25"/>
</testsuite> <!-- Test2 -->
