<?xml version="1.0" encoding="UTF-8"?>
<!-- Generated by org.testng.reporters.JUnitXMLReporter -->
<testsuite ignored="3" hostname="TYSS-Chandana-M" failures="0" tests="0" time="0.009" errors="0" timestamp="2024-02-12T15:18:48 IST">
  <testcase classname="testng_group.Register" name="m2" time="0.0">
    <ignored/>
  </testcase> <!-- m2 -->
  <testcase classname="testng_group.LogIn" name="m2" time="0.0">
    <ignored/>
  </testcase> <!-- m2 -->
  <testcase classname="testng_group.LogOut" name="m2" time="0.0">
    <ignored/>
  </testcase> <!-- m2 -->
</testsuite>
